Using pre-set license
Built from '2021.3/staging' branch; Version is '2021.3.9f1 (ad3870b89536) revision 11352176'; Using compiler version '192829333'; Build Type 'Release'
OS: 'Windows 10  (10.0.19045) 64bit Core' Language: 'ru' Physical Memory: 16236 MB
BatchMode: 1, IsHumanControllingUs: 0, StartBugReporterOnCrash: 0, Is64bit: 1, IsPro: 1

COMMAND LINE ARGUMENTS:
E:\ Unity\2021.3.19f1\Editor\Unity.exe
-adb2
-batchMode
-noUpm
-name
AssetImportWorker2
-projectPath
E:/Game Project Unity/2DTestTask
-logFile
Logs/AssetImportWorker2.log
-srvPort
57591
Successfully changed project path to: E:/Game Project Unity/2DTestTask
E:/Game Project Unity/2DTestTask
[UnityMemory] Configuration Parameters - Can be set up in boot.config
    "memorysetup-bucket-allocator-granularity=16"
    "memorysetup-bucket-allocator-bucket-count=8"
    "memorysetup-bucket-allocator-block-size=33554432"
    "memorysetup-bucket-allocator-block-count=8"
    "memorysetup-main-allocator-block-size=16777216"
    "memorysetup-thread-allocator-block-size=16777216"
    "memorysetup-gfx-main-allocator-block-size=16777216"
    "memorysetup-gfx-thread-allocator-block-size=16777216"
    "memorysetup-cache-allocator-block-size=4194304"
    "memorysetup-typetree-allocator-block-size=2097152"
    "memorysetup-profiler-bucket-allocator-granularity=16"
    "memorysetup-profiler-bucket-allocator-bucket-count=8"
    "memorysetup-profiler-bucket-allocator-block-size=33554432"
    "memorysetup-profiler-bucket-allocator-block-count=8"
    "memorysetup-profiler-allocator-block-size=16777216"
    "memorysetup-profiler-editor-allocator-block-size=1048576"
    "memorysetup-temp-allocator-size-main=16777216"
    "memorysetup-job-temp-allocator-block-size=2097152"
    "memorysetup-job-temp-allocator-block-size-background=1048576"
    "memorysetup-job-temp-allocator-reduction-small-platforms=262144"
    "memorysetup-temp-allocator-size-background-worker=32768"
    "memorysetup-temp-allocator-size-job-worker=262144"
    "memorysetup-temp-allocator-size-preload-manager=33554432"
    "memorysetup-temp-allocator-size-nav-mesh-worker=65536"
    "memorysetup-temp-allocator-size-audio-worker=65536"
    "memorysetup-temp-allocator-size-cloud-worker=32768"
    "memorysetup-temp-allocator-size-gi-baking-worker=262144"
    "memorysetup-temp-allocator-size-gfx=262144"
Refreshing native plugins compatible for Editor in 66.58 ms, found 3 plugins.
Preloading 0 native plugins for Editor in 0.00 ms.
Initialize engine version: 2021.3.9f1 (ad3870b89536)
[Subsystems] Discovering subsystems at path E:/ Unity/2021.3.19f1/Editor/Data/Resources/UnitySubsystems
[Subsystems] Discovering subsystems at path E:/Game Project Unity/2DTestTask/Assets
GfxDevice: creating device client; threaded=0; jobified=0
Direct3D:
    Version:  Direct3D 11.0 [level 11.1]
    Renderer: NVIDIA GeForce GTX 1660 Ti (ID=0x2182)
    Vendor:   NVIDIA
    VRAM:     5979 MB
    Driver:   31.0.15.3179
Initialize mono
Mono path[0] = 'E:/ Unity/2021.3.19f1/Editor/Data/Managed'
Mono path[1] = 'E:/ Unity/2021.3.19f1/Editor/Data/MonoBleedingEdge/lib/mono/unityjit-win32'
Mono config path = 'E:/ Unity/2021.3.19f1/Editor/Data/MonoBleedingEdge/etc'
Using monoOptions --debugger-agent=transport=dt_socket,embedding=1,server=y,suspend=n,address=127.0.0.1:56976
Begin MonoManager ReloadAssembly
Registering precompiled unity dll's ...
Register platform support module: E:/ Unity/2021.3.19f1/Editor/Data/PlaybackEngines/WebGLSupport/UnityEditor.WebGL.Extensions.dll
Register platform support module: E:/ Unity/2021.3.19f1/Editor/Data/PlaybackEngines/AndroidPlayer/UnityEditor.Android.Extensions.dll
Register platform support module: E:/ Unity/2021.3.19f1/Editor/Data/PlaybackEngines/iOSSupport/UnityEditor.iOS.Extensions.dll
Register platform support module: E:/ Unity/2021.3.19f1/Editor/Data/PlaybackEngines/WindowsStandaloneSupport/UnityEditor.WindowsStandalone.Extensions.dll
Register platform support module: E:/ Unity/2021.3.19f1/Editor/Data/PlaybackEngines/MetroSupport/UnityEditor.UWP.Extensions.dll
Registered in 0.003249 seconds.
Native extension for UWP target not found
Native extension for WindowsStandalone target not found
Native extension for iOS target not found
Native extension for Android target not found
Native extension for WebGL target not found
Refreshing native plugins compatible for Editor in 64.29 ms, found 3 plugins.
Preloading 0 native plugins for Editor in 0.00 ms.
Mono: successfully reloaded assembly
- Completed reload, in  0.630 seconds
Domain Reload Profiling:
	ReloadAssembly (631ms)
		BeginReloadAssembly (82ms)
			ExecutionOrderSort (0ms)
			DisableScriptedObjects (0ms)
			BackupInstance (0ms)
			ReleaseScriptingObjects (0ms)
			CreateAndSetChildDomain (1ms)
		EndReloadAssembly (442ms)
			LoadAssemblies (82ms)
			RebuildTransferFunctionScriptingTraits (0ms)
			SetupTypeCache (109ms)
			ReleaseScriptCaches (0ms)
			RebuildScriptCaches (28ms)
			SetupLoadedEditorAssemblies (260ms)
				LogAssemblyErrors (0ms)
				InitializePlatformSupportModulesInManaged (52ms)
				SetLoadedEditorAssemblies (0ms)
				RefreshPlugins (64ms)
				BeforeProcessingInitializeOnLoad (1ms)
				ProcessInitializeOnLoadAttributes (100ms)
				ProcessInitializeOnLoadMethodAttributes (42ms)
				AfterProcessingInitializeOnLoad (0ms)
				EditorAssembliesLoaded (0ms)
			ExecutionOrderSort2 (0ms)
			AwakeInstancesAfterBackupRestoration (0ms)
Platform modules already initialized, skipping
Registering precompiled user dll's ...
Registered in 0.003212 seconds.
Begin MonoManager ReloadAssembly
Native extension for UWP target not found
Native extension for WindowsStandalone target not found
Native extension for iOS target not found
Native extension for Android target not found
Native extension for WebGL target not found
Refreshing native plugins compatible for Editor in 0.51 ms, found 3 plugins.
Preloading 0 native plugins for Editor in 0.00 ms.
Mono: successfully reloaded assembly
- Completed reload, in  0.882 seconds
Domain Reload Profiling:
	ReloadAssembly (883ms)
		BeginReloadAssembly (97ms)
			ExecutionOrderSort (0ms)
			DisableScriptedObjects (5ms)
			BackupInstance (0ms)
			ReleaseScriptingObjects (0ms)
			CreateAndSetChildDomain (18ms)
		EndReloadAssembly (684ms)
			LoadAssemblies (66ms)
			RebuildTransferFunctionScriptingTraits (0ms)
			SetupTypeCache (214ms)
			ReleaseScriptCaches (1ms)
			RebuildScriptCaches (51ms)
			SetupLoadedEditorAssemblies (313ms)
				LogAssemblyErrors (0ms)
				InitializePlatformSupportModulesInManaged (22ms)
				SetLoadedEditorAssemblies (0ms)
				RefreshPlugins (1ms)
				BeforeProcessingInitializeOnLoad (69ms)
				ProcessInitializeOnLoadAttributes (198ms)
				ProcessInitializeOnLoadMethodAttributes (21ms)
				AfterProcessingInitializeOnLoad (2ms)
				EditorAssembliesLoaded (0ms)
			ExecutionOrderSort2 (0ms)
			AwakeInstancesAfterBackupRestoration (5ms)
Platform modules already initialized, skipping
========================================================================
Worker process is ready to serve import requests
Launched and connected shader compiler UnityShaderCompiler.exe after 0.05 seconds
Refreshing native plugins compatible for Editor in 0.59 ms, found 3 plugins.
Preloading 0 native plugins for Editor in 0.00 ms.
Unloading 3216 Unused Serialized files (Serialized files now loaded: 0)
Unloading 27 unused Assets / (55.7 KB). Loaded Objects now: 3676.
Memory consumption went from 113.0 MB to 112.9 MB.
Total: 2.404000 ms (FindLiveObjects: 0.248900 ms CreateObjectMapping: 0.174400 ms MarkObjects: 1.917200 ms  DeleteObjects: 0.062900 ms)

AssetImportParameters requested are different than current active one (requested -> active):
  custom:video-decoder-ogg-theora: a1e56fd34408186e4bbccfd4996cb3dc -> 
  custom:container-muxer-webm: aa71ff27fc2769a1b78a27578f13a17b -> 
  custom:container-demuxer-webm: 4f35f7cbe854078d1ac9338744f61a02 -> 
  custom:video-encoder-webm-vp8: eb34c28f22e8b96e1ab97ce403110664 -> 
  custom:audio-encoder-webm-vorbis: bf7c407c2cedff20999df2af8eb42d56 -> 
  custom:framework-win-MediaFoundation: 216162199b28c13a410421893ffa2e32 -> 
  custom:container-demuxer-ogg: 62fdf1f143b41e24485cea50d1cbac27 -> 
  custom:video-decoder-webm-vp8: 9c59270c3fd7afecdb556c50c9e8de78 -> 
  custom:audio-decoder-ogg-vorbis: bf7c407c2cedff20999df2af8eb42d56 -> 
========================================================================
Received Import Request.
  Time since last request: 510031.734743 seconds.
  path: Assets/Scipts/Health.cs
  artifactKey: Guid(a9baf9fcdfefb6c449773c73806b92b6) Importer(815301076,1909f56bfc062723c751e8b465ee728b)
Start importing Assets/Scipts/Health.cs using Guid(a9baf9fcdfefb6c449773c73806b92b6) Importer(815301076,1909f56bfc062723c751e8b465ee728b)  -> (artifact id: 'f8a897ce12eb91ea3696c0b927229e9b') in 0.025759 seconds 
========================================================================
Received Import Request.
  Time since last request: 0.775228 seconds.
  path: Assets/Scipts/SpawnPlayers.cs
  artifactKey: Guid(67b963c2bb6060c458694580f23a4f61) Importer(815301076,1909f56bfc062723c751e8b465ee728b)
Start importing Assets/Scipts/SpawnPlayers.cs using Guid(67b963c2bb6060c458694580f23a4f61) Importer(815301076,1909f56bfc062723c751e8b465ee728b)  -> (artifact id: '9e289a53627af7006e50069e927d567a') in 0.009630 seconds 
========================================================================
Received Import Request.
  Time since last request: 30.545402 seconds.
  path: Assets/Scipts/Bullet.cs
  artifactKey: Guid(a80d150e52774e0448aa595b5e56290b) Importer(815301076,1909f56bfc062723c751e8b465ee728b)
Start importing Assets/Scipts/Bullet.cs using Guid(a80d150e52774e0448aa595b5e56290b) Importer(815301076,1909f56bfc062723c751e8b465ee728b)  -> (artifact id: '5c3520280f507418c1743bbcf36f7fca') in 0.010866 seconds 
========================================================================
Received Import Request.
  Time since last request: 1.011602 seconds.
  path: Assets/Scipts/ButtonManegerScenesGame.cs
  artifactKey: Guid(961fda3234144214ba9f9f85adf608f9) Importer(815301076,1909f56bfc062723c751e8b465ee728b)
Start importing Assets/Scipts/ButtonManegerScenesGame.cs using Guid(961fda3234144214ba9f9f85adf608f9) Importer(815301076,1909f56bfc062723c751e8b465ee728b)  -> (artifact id: '36fcb90ab7170c9c3c60414a06093957') in 0.012045 seconds 
========================================================================
Received Import Request.
  Time since last request: 0.922114 seconds.
  path: Assets/Scipts/ButtonManegerScenesMenu.cs
  artifactKey: Guid(d85ff2d34ea44bd448e49ffff306efba) Importer(815301076,1909f56bfc062723c751e8b465ee728b)
Start importing Assets/Scipts/ButtonManegerScenesMenu.cs using Guid(d85ff2d34ea44bd448e49ffff306efba) Importer(815301076,1909f56bfc062723c751e8b465ee728b)  -> (artifact id: 'f0c35089d5cb5ff821266c6c22ef5a9e') in 0.013514 seconds 
========================================================================
Received Import Request.
  Time since last request: 0.815515 seconds.
  path: Assets/Scipts/ConnectToServer.cs
  artifactKey: Guid(02489b9dbd8f863459f9e765bb7d6a1e) Importer(815301076,1909f56bfc062723c751e8b465ee728b)
Start importing Assets/Scipts/ConnectToServer.cs using Guid(02489b9dbd8f863459f9e765bb7d6a1e) Importer(815301076,1909f56bfc062723c751e8b465ee728b)  -> (artifact id: 'ca092f44059b17b34634e04ca60cd22b') in 0.012092 seconds 
========================================================================
Received Import Request.
  Time since last request: 0.918419 seconds.
  path: Assets/Scipts/Damage.cs
  artifactKey: Guid(d69544180bdcbe941a4d16eac7e2bae1) Importer(815301076,1909f56bfc062723c751e8b465ee728b)
Start importing Assets/Scipts/Damage.cs using Guid(d69544180bdcbe941a4d16eac7e2bae1) Importer(815301076,1909f56bfc062723c751e8b465ee728b)  -> (artifact id: '3091e251b5dfa40606c948711c943f1a') in 0.010518 seconds 
========================================================================
Received Import Request.
  Time since last request: 1.860733 seconds.
  path: Assets/Scipts/HealthBar.cs
  artifactKey: Guid(a7f97f3298004954f91ccd8eab552bed) Importer(815301076,1909f56bfc062723c751e8b465ee728b)
Start importing Assets/Scipts/HealthBar.cs using Guid(a7f97f3298004954f91ccd8eab552bed) Importer(815301076,1909f56bfc062723c751e8b465ee728b)  -> (artifact id: 'c20f2981c8b3539e6e2ad3ddea3fa244') in 0.010363 seconds 
========================================================================
Received Import Request.
  Time since last request: 2.824832 seconds.
  path: Assets/Scipts/Shoot.cs
  artifactKey: Guid(4574c0994c17eaa408d22088cfb27231) Importer(815301076,1909f56bfc062723c751e8b465ee728b)
Start importing Assets/Scipts/Shoot.cs using Guid(4574c0994c17eaa408d22088cfb27231) Importer(815301076,1909f56bfc062723c751e8b465ee728b)  -> (artifact id: '2ae8b6157091bdb1a95ffbfa5854e8da') in 0.010264 seconds 
